0 info it worked if it ends with ok
1 verbose cli [ '/usr/local/bin/node',
1 verbose cli   '/usr/local/bin/npm',
1 verbose cli   'version',
1 verbose cli   'major' ]
2 info using npm@3.3.12
3 info using node@v5.4.0
4 info git [ 'status', '--porcelain' ]
5 verbose stack Error: Git working directory not clean.
5 verbose stack M app.js
5 verbose stack D node_modules/basic-auth/HISTORY.md
5 verbose stack D node_modules/basic-auth/LICENSE
5 verbose stack D node_modules/basic-auth/README.md
5 verbose stack D node_modules/basic-auth/index.js
5 verbose stack D node_modules/basic-auth/package.json
5 verbose stack D node_modules/body-parser/HISTORY.md
5 verbose stack D node_modules/body-parser/LICENSE
5 verbose stack D node_modules/body-parser/README.md
5 verbose stack D node_modules/body-parser/index.js
5 verbose stack D node_modules/body-parser/lib/read.js
5 verbose stack D node_modules/body-parser/lib/types/json.js
5 verbose stack D node_modules/body-parser/lib/types/raw.js
5 verbose stack D node_modules/body-parser/lib/types/text.js
5 verbose stack D node_modules/body-parser/lib/types/urlencoded.js
5 verbose stack D node_modules/body-parser/package.json
5 verbose stack D node_modules/bytes/History.md
5 verbose stack D node_modules/bytes/Readme.md
5 verbose stack D node_modules/bytes/index.js
5 verbose stack D node_modules/bytes/package.json
5 verbose stack D node_modules/cookie-parser/HISTORY.md
5 verbose stack D node_modules/cookie-parser/LICENSE
5 verbose stack D node_modules/cookie-parser/README.md
5 verbose stack D node_modules/cookie-parser/index.js
5 verbose stack D node_modules/cookie-parser/lib/parse.js
5 verbose stack D node_modules/cookie-parser/package.json
5 verbose stack D node_modules/cookie/LICENSE
5 verbose stack D node_modules/cookie/README.md
5 verbose stack D node_modules/cookie/index.js
5 verbose stack D node_modules/cookie/package.json
5 verbose stack M node_modules/debug/package.json
5 verbose stack D node_modules/depd/History.md
5 verbose stack D node_modules/depd/LICENSE
5 verbose stack D node_modules/depd/Readme.md
5 verbose stack D node_modules/depd/index.js
5 verbose stack D node_modules/depd/lib/compat/buffer-concat.js
5 verbose stack D node_modules/depd/lib/compat/callsite-tostring.js
5 verbose stack D node_modules/depd/lib/compat/index.js
5 verbose stack D node_modules/depd/package.json
5 verbose stack D node_modules/iconv-lite/.npmignore
5 verbose stack D node_modules/iconv-lite/.travis.yml
5 verbose stack D node_modules/iconv-lite/Changelog.md
5 verbose stack D node_modules/iconv-lite/LICENSE
5 verbose stack D node_modules/iconv-lite/README.md
5 verbose stack D node_modules/iconv-lite/encodings/dbcs-codec.js
5 verbose stack D node_modules/iconv-lite/encodings/dbcs-data.js
5 verbose stack D node_modules/iconv-lite/encodings/index.js
5 verbose stack D node_modules/iconv-lite/encodings/internal.js
5 verbose stack D node_modules/iconv-lite/encodings/sbcs-codec.js
5 verbose stack D node_modules/iconv-lite/encodings/sbcs-data-generated.js
5 verbose stack D node_modules/iconv-lite/encodings/sbcs-data.js
5 verbose stack D node_modules/iconv-lite/encodings/tables/big5-added.json
5 verbose stack D node_modules/iconv-lite/encodings/tables/cp936.json
5 verbose stack D node_modules/iconv-lite/encodings/tables/cp949.json
5 verbose stack D node_modules/iconv-lite/encodings/tables/cp950.json
5 verbose stack D node_modules/iconv-lite/encodings/tables/eucjp.json
5 verbose stack D node_modules/iconv-lite/encodings/tables/gb18030-ranges.json
5 verbose stack D node_modules/iconv-lite/encodings/tables/gbk-added.json
5 verbose stack D node_modules/iconv-lite/encodings/tables/shiftjis.json
5 verbose stack D node_modules/iconv-lite/encodings/utf16.js
5 verbose stack D node_modules/iconv-lite/encodings/utf7.js
5 verbose stack D node_modules/iconv-lite/lib/bom-handling.js
5 verbose stack D node_modules/iconv-lite/lib/extend-node.js
5 verbose stack D node_modules/iconv-lite/lib/index.js
5 verbose stack D node_modules/iconv-lite/lib/streams.js
5 verbose stack D node_modules/iconv-lite/package.json
5 verbose stack D node_modules/morgan/HISTORY.md
5 verbose stack D node_modules/morgan/LICENSE
5 verbose stack D node_modules/morgan/README.md
5 verbose stack D node_modules/morgan/index.js
5 verbose stack D node_modules/morgan/package.json
5 verbose stack D node_modules/on-headers/HISTORY.md
5 verbose stack D node_modules/on-headers/LICENSE
5 verbose stack D node_modules/on-headers/README.md
5 verbose stack D node_modules/on-headers/index.js
5 verbose stack D node_modules/on-headers/package.json
5 verbose stack D node_modules/raw-body/HISTORY.md
5 verbose stack D node_modules/raw-body/LICENSE
5 verbose stack D node_modules/raw-body/README.md
5 verbose stack D node_modules/raw-body/index.js
5 verbose stack D node_modules/raw-body/node_modules/bytes/History.md
5 verbose stack D node_modules/raw-body/node_modules/bytes/LICENSE
5 verbose stack D node_modules/raw-body/node_modules/bytes/Readme.md
5 verbose stack D node_modules/raw-body/node_modules/bytes/index.js
5 verbose stack D node_modules/raw-body/node_modules/bytes/package.json
5 verbose stack D node_modules/raw-body/node_modules/iconv-lite/.npmignore
5 verbose stack D node_modules/raw-body/node_modules/iconv-lite/.travis.yml
5 verbose stack D node_modules/raw-body/node_modules/iconv-lite/Changelog.md
5 verbose stack D node_modules/raw-body/node_modules/iconv-lite/LICENSE
5 verbose stack D node_modules/raw-body/node_modules/iconv-lite/README.md
5 verbose stack D node_modules/raw-body/node_modules/iconv-lite/encodings/dbcs-codec.js
5 verbose stack D node_modules/raw-body/node_modules/iconv-lite/encodings/dbcs-data.js
5 verbose stack D node_modules/raw-body/node_modules/iconv-lite/encodings/index.js
5 verbose stack D node_modules/raw-body/node_modules/iconv-lite/encodings/internal.js
5 verbose stack D node_modules/raw-body/node_modules/iconv-lite/encodings/sbcs-codec.js
5 verbose stack D node_modules/raw-body/node_modules/iconv-lite/encodings/sbcs-data-generated.js
5 verbose stack D node_modules/raw-body/node_modules/iconv-lite/encodings/sbcs-data.js
5 verbose stack D node_modules/raw-body/node_modules/iconv-lite/encodings/tables/big5-added.json
5 verbose stack D node_modules/raw-body/node_modules/iconv-lite/encodings/tables/cp936.json
5 verbose stack D node_modules/raw-body/node_modules/iconv-lite/encodings/tables/cp949.json
5 verbose stack D node_modules/raw-body/node_modules/iconv-lite/encodings/tables/cp950.json
5 verbose stack D node_modules/raw-body/node_modules/iconv-lite/encodings/tables/eucjp.json
5 verbose stack D node_modules/raw-body/node_modules/iconv-lite/encodings/tables/gb18030-ranges.json
5 verbose stack D node_modules/raw-body/node_modules/iconv-lite/encodings/tables/gbk-added.json
5 verbose stack D node_modules/raw-body/node_modules/iconv-lite/encodings/tables/shiftjis.json
5 verbose stack D node_modules/raw-body/node_modules/iconv-lite/encodings/utf16.js
5 verbose stack D node_modules/raw-body/node_modules/iconv-lite/encodings/utf7.js
5 verbose stack D node_modules/raw-body/node_modules/iconv-lite/lib/bom-handling.js
5 verbose stack D node_modules/raw-body/node_modules/iconv-lite/lib/extend-node.js
5 verbose stack D node_modules/raw-body/node_modules/iconv-lite/lib/index.js
5 verbose stack D node_modules/raw-body/node_modules/iconv-lite/lib/streams.js
5 verbose stack D node_modules/raw-body/node_modules/iconv-lite/package.json
5 verbose stack D node_modules/raw-body/package.json
5 verbose stack D node_modules/serve-favicon/HISTORY.md
5 verbose stack D node_modules/serve-favicon/LICENSE
5 verbose stack D node_modules/serve-favicon/README.md
5 verbose stack D node_modules/serve-favicon/index.js
5 verbose stack D node_modules/serve-favicon/package.json
5 verbose stack D npm-debug.log
5 verbose stack M package.json
5 verbose stack D public/stylesheets/style.css
5 verbose stack M routes/index.js
5 verbose stack D routes/users.js
5 verbose stack M views/index.ejs
5 verbose stack D views/timestamp.ejs
5 verbose stack     at /usr/local/lib/node_modules/npm/lib/version.js:172:21
5 verbose stack     at ChildProcess.exithandler (child_process.js:204:7)
5 verbose stack     at emitTwo (events.js:87:13)
5 verbose stack     at ChildProcess.emit (events.js:172:7)
5 verbose stack     at maybeClose (internal/child_process.js:821:16)
5 verbose stack     at Socket.<anonymous> (internal/child_process.js:319:11)
5 verbose stack     at emitOne (events.js:77:13)
5 verbose stack     at Socket.emit (events.js:169:7)
5 verbose stack     at Pipe._onclose (net.js:469:12)
6 verbose cwd /Users/phil/freecodecamp/timestamp-microservice
7 error Darwin 15.2.0
8 error argv "/usr/local/bin/node" "/usr/local/bin/npm" "version" "major"
9 error node v5.4.0
10 error npm  v3.3.12
11 error Git working directory not clean.
11 error M app.js
11 error D node_modules/basic-auth/HISTORY.md
11 error D node_modules/basic-auth/LICENSE
11 error D node_modules/basic-auth/README.md
11 error D node_modules/basic-auth/index.js
11 error D node_modules/basic-auth/package.json
11 error D node_modules/body-parser/HISTORY.md
11 error D node_modules/body-parser/LICENSE
11 error D node_modules/body-parser/README.md
11 error D node_modules/body-parser/index.js
11 error D node_modules/body-parser/lib/read.js
11 error D node_modules/body-parser/lib/types/json.js
11 error D node_modules/body-parser/lib/types/raw.js
11 error D node_modules/body-parser/lib/types/text.js
11 error D node_modules/body-parser/lib/types/urlencoded.js
11 error D node_modules/body-parser/package.json
11 error D node_modules/bytes/History.md
11 error D node_modules/bytes/Readme.md
11 error D node_modules/bytes/index.js
11 error D node_modules/bytes/package.json
11 error D node_modules/cookie-parser/HISTORY.md
11 error D node_modules/cookie-parser/LICENSE
11 error D node_modules/cookie-parser/README.md
11 error D node_modules/cookie-parser/index.js
11 error D node_modules/cookie-parser/lib/parse.js
11 error D node_modules/cookie-parser/package.json
11 error D node_modules/cookie/LICENSE
11 error D node_modules/cookie/README.md
11 error D node_modules/cookie/index.js
11 error D node_modules/cookie/package.json
11 error M node_modules/debug/package.json
11 error D node_modules/depd/History.md
11 error D node_modules/depd/LICENSE
11 error D node_modules/depd/Readme.md
11 error D node_modules/depd/index.js
11 error D node_modules/depd/lib/compat/buffer-concat.js
11 error D node_modules/depd/lib/compat/callsite-tostring.js
11 error D node_modules/depd/lib/compat/index.js
11 error D node_modules/depd/package.json
11 error D node_modules/iconv-lite/.npmignore
11 error D node_modules/iconv-lite/.travis.yml
11 error D node_modules/iconv-lite/Changelog.md
11 error D node_modules/iconv-lite/LICENSE
11 error D node_modules/iconv-lite/README.md
11 error D node_modules/iconv-lite/encodings/dbcs-codec.js
11 error D node_modules/iconv-lite/encodings/dbcs-data.js
11 error D node_modules/iconv-lite/encodings/index.js
11 error D node_modules/iconv-lite/encodings/internal.js
11 error D node_modules/iconv-lite/encodings/sbcs-codec.js
11 error D node_modules/iconv-lite/encodings/sbcs-data-generated.js
11 error D node_modules/iconv-lite/encodings/sbcs-data.js
11 error D node_modules/iconv-lite/encodings/tables/big5-added.json
11 error D node_modules/iconv-lite/encodings/tables/cp936.json
11 error D node_modules/iconv-lite/encodings/tables/cp949.json
11 error D node_modules/iconv-lite/encodings/tables/cp950.json
11 error D node_modules/iconv-lite/encodings/tables/eucjp.json
11 error D node_modules/iconv-lite/encodings/tables/gb18030-ranges.json
11 error D node_modules/iconv-lite/encodings/tables/gbk-added.json
11 error D node_modules/iconv-lite/encodings/tables/shiftjis.json
11 error D node_modules/iconv-lite/encodings/utf16.js
11 error D node_modules/iconv-lite/encodings/utf7.js
11 error D node_modules/iconv-lite/lib/bom-handling.js
11 error D node_modules/iconv-lite/lib/extend-node.js
11 error D node_modules/iconv-lite/lib/index.js
11 error D node_modules/iconv-lite/lib/streams.js
11 error D node_modules/iconv-lite/package.json
11 error D node_modules/morgan/HISTORY.md
11 error D node_modules/morgan/LICENSE
11 error D node_modules/morgan/README.md
11 error D node_modules/morgan/index.js
11 error D node_modules/morgan/package.json
11 error D node_modules/on-headers/HISTORY.md
11 error D node_modules/on-headers/LICENSE
11 error D node_modules/on-headers/README.md
11 error D node_modules/on-headers/index.js
11 error D node_modules/on-headers/package.json
11 error D node_modules/raw-body/HISTORY.md
11 error D node_modules/raw-body/LICENSE
11 error D node_modules/raw-body/README.md
11 error D node_modules/raw-body/index.js
11 error D node_modules/raw-body/node_modules/bytes/History.md
11 error D node_modules/raw-body/node_modules/bytes/LICENSE
11 error D node_modules/raw-body/node_modules/bytes/Readme.md
11 error D node_modules/raw-body/node_modules/bytes/index.js
11 error D node_modules/raw-body/node_modules/bytes/package.json
11 error D node_modules/raw-body/node_modules/iconv-lite/.npmignore
11 error D node_modules/raw-body/node_modules/iconv-lite/.travis.yml
11 error D node_modules/raw-body/node_modules/iconv-lite/Changelog.md
11 error D node_modules/raw-body/node_modules/iconv-lite/LICENSE
11 error D node_modules/raw-body/node_modules/iconv-lite/README.md
11 error D node_modules/raw-body/node_modules/iconv-lite/encodings/dbcs-codec.js
11 error D node_modules/raw-body/node_modules/iconv-lite/encodings/dbcs-data.js
11 error D node_modules/raw-body/node_modules/iconv-lite/encodings/index.js
11 error D node_modules/raw-body/node_modules/iconv-lite/encodings/internal.js
11 error D node_modules/raw-body/node_modules/iconv-lite/encodings/sbcs-codec.js
11 error D node_modules/raw-body/node_modules/iconv-lite/encodings/sbcs-data-generated.js
11 error D node_modules/raw-body/node_modules/iconv-lite/encodings/sbcs-data.js
11 error D node_modules/raw-body/node_modules/iconv-lite/encodings/tables/big5-added.json
11 error D node_modules/raw-body/node_modules/iconv-lite/encodings/tables/cp936.json
11 error D node_modules/raw-body/node_modules/iconv-lite/encodings/tables/cp949.json
11 error D node_modules/raw-body/node_modules/iconv-lite/encodings/tables/cp950.json
11 error D node_modules/raw-body/node_modules/iconv-lite/encodings/tables/eucjp.json
11 error D node_modules/raw-body/node_modules/iconv-lite/encodings/tables/gb18030-ranges.json
11 error D node_modules/raw-body/node_modules/iconv-lite/encodings/tables/gbk-added.json
11 error D node_modules/raw-body/node_modules/iconv-lite/encodings/tables/shiftjis.json
11 error D node_modules/raw-body/node_modules/iconv-lite/encodings/utf16.js
11 error D node_modules/raw-body/node_modules/iconv-lite/encodings/utf7.js
11 error D node_modules/raw-body/node_modules/iconv-lite/lib/bom-handling.js
11 error D node_modules/raw-body/node_modules/iconv-lite/lib/extend-node.js
11 error D node_modules/raw-body/node_modules/iconv-lite/lib/index.js
11 error D node_modules/raw-body/node_modules/iconv-lite/lib/streams.js
11 error D node_modules/raw-body/node_modules/iconv-lite/package.json
11 error D node_modules/raw-body/package.json
11 error D node_modules/serve-favicon/HISTORY.md
11 error D node_modules/serve-favicon/LICENSE
11 error D node_modules/serve-favicon/README.md
11 error D node_modules/serve-favicon/index.js
11 error D node_modules/serve-favicon/package.json
11 error D npm-debug.log
11 error M package.json
11 error D public/stylesheets/style.css
11 error M routes/index.js
11 error D routes/users.js
11 error M views/index.ejs
11 error D views/timestamp.ejs
12 error If you need help, you may report this error at:
12 error     <https://github.com/npm/npm/issues>
13 verbose exit [ 1, true ]
